Sending request message via EvolutionApiService
Request message sent successfully
Sending request message via EvolutionApiService
Request message sent successfully
Sending request message via EvolutionApiService
Request message sent successfully
Sending request message via EvolutionApiService
Request message sent successfully
Sending request message via EvolutionApiService
Request message sent successfully
Sending request message via EvolutionApiService
Request message sent successfully
Sending request message via EvolutionApiService
Request message sent successfully
Processing EndToEndId: E3822485720240729100259823150558
Sending request message via EvolutionApiService
Request message sent successfully
Processing EndToEndId: D3822485720240603152024moermOVII
Sending request message via EvolutionApiService
Request message sent successfully
Sending request message via EvolutionApiService
Request message sent successfully
Processing EndToEndId: D3822485720240603152024moermOVII
Sending request message via EvolutionApiService
Request message sent successfully
Processing EndToEndId: D3822485720240603152024moermOVII
Processing EndToEndId: D3822485720240603152024moermOVII
Sending request message via EvolutionApiService
Request message sent successfully
Processing EndToEndId: D3822485720240603152024moermOVII
Processing EndToEndId: D3822485720240603152024moermOVII
Processing EndToEndId: D3822485720240603152024moermOVII
Processing EndToEndId: D3822485720240603152024moermOVII
Processing EndToEndId: D3822485720240603152024moermOVII
Processing EndToEndId: D3822485720240603152024moermOVII
Processing EndToEndId: D3822485720240603152024moermOVII
Processing EndToEndId: D3822485720240603152024moermOVII
Sending request message via EvolutionApiService
Request message sent successfully
Sending request message via EvolutionApiService
Request message sent successfully
Processing EndToEndId: E3822485720240730182109442132523
Processing EndToEndId: E3822485720240730182109442132523
Processing EndToEndId: E3822485720240730182424518862957
Processing EndToEndId: E38224857202407240401024qcMXTnxT
Processing EndToEndId: E3822485720240206161037156971661
Processing EndToEndId: E3822485720240723045439037029420
Processing EndToEndId: E3822485720240206161037156971661
Processing EndToEndId: E3822485720240723045439037029420
Processing EndToEndId: E38224857202407240401024qcMXTnxT
Processing EndToEndId: E3822485720240723045439037029420
Processing EndToEndId: E3822485720240723045439037029420
Processing EndToEndId: E3822485720240723045439037029420
Processing EndToEndId: E3822485720240723045439037029420
Processing EndToEndId: E3822485720240723045439037029420
Processing EndToEndId: E3822485720240723045439037029420
Processing EndToEndId: E3822485720240723045439037029420
Processing EndToEndId: E3822485720240723045439037029420
Processing EndToEndId: E3822485720240730182109442132523
Processing EndToEndId: E3822485720240730182109442132523
Processing EndToEndId: E3822485720240723045439037029420
Sending request message via EvolutionApiService
Request message sent successfully
Processing EndToEndId: E3822485720240730182109442132523
Processing EndToEndId: E38224857202407240401024qcMXTnxT
Processing EndToEndId: E3822485720240723045439037029420
Processing EndToEndId: D0000000020231005214011619463129
Processing EndToEndId: D0000000020231010205015663750146
Processing EndToEndId: E60701190202208231415DY5OB9ZN7PY
Processing EndToEndId: E60701190202208311927DY58APK7DI2
Processing EndToEndId: E3822485720240723045439037029420
Processing EndToEndId: E60701190202209011528DY5Z9VKCGOH
Processing EndToEndId: E60701190202209051748DY5GCINC1KN
Processing EndToEndId: E60701190202209292334DY5RUKXDKDS
Processing EndToEndId: E38224857202407240401024qcMXTnxT
Processing EndToEndId: E6070119020221010145572790493644
Processing EndToEndId: E38224857202407240401024qcMXTnxT
Processing EndToEndId: E38224857202407240401024qcMXTnxT
Processing EndToEndId: E60701190202210181655DY5NLH1PCPD
Processing EndToEndId: E60701190202210182253DY5BM645JTP
Processing EndToEndId: E38224857202407240401024qcMXTnxT
Processing EndToEndId: E60701190202210211820DY503CDHV3R
Processing EndToEndId: E38224857202407240401024qcMXTnxT
Processing EndToEndId: E60701190202210211939DY5HPHAYQAM
Processing EndToEndId: E38224857202407240401024qcMXTnxT
Processing EndToEndId: E60701190202210211959DY5M3EQJ1KX
Processing EndToEndId: E38224857202407240401024qcMXTnxT
Processing EndToEndId: E60701190202210221430DY5SNHVA9KB
Processing EndToEndId: E3822485720220824220921382053516
Processing EndToEndId: E3822485720220824185715252412863
Processing EndToEndId: E3822485720220824183159078798658
Processing EndToEndId: E3822485720220824183159078798658
Processing EndToEndId: E3822485720220824185715252412863
Processing EndToEndId: E3822485720220827234442DUixfB5DP
Processing EndToEndId: E3822485720220827234346Rr6n2awp2
Processing EndToEndId: E3822485720220824154627FKk18UGtw
Processing EndToEndId: E3822485720220824154627FKk18UGtw
Processing EndToEndId: E38224857202208241528023JFFaudi5
Processing EndToEndId: E3822485720220824151521244448619
Processing EndToEndId: E38224857202208241528023JFFaudi5
Processing EndToEndId: E3822485720220824151521244448619
Processing EndToEndId: E3822485720220824151521244448619
Processing EndToEndId: E38224857202208241528023JFFaudi5
Processing EndToEndId: E3822485720220824154627FKk18UGtw
Processing EndToEndId: E3822485720220824153842899092585
Processing EndToEndId: E38224857202208241528023JFFaudi2
Processing EndToEndId: E3822485720240730182109442132523
Processing EndToEndId: E3822485720240730182109442132523
Processing EndToEndId: E3822485720240730182109442132523
Processing EndToEndId: E3822485720240730182109442132523
Processing EndToEndId: E3822485720240730182109442132523
Processing EndToEndId: E3822485720240730182109442132523
Processing EndToEndId: E3822485720240730182109442132523
Processing EndToEndId: E3822485720240730182109442132523
Processing EndToEndId: E3822485720240730182109442132523
Processing EndToEndId: E3822485720240730182109442132523
Processing EndToEndId: E3822485720240730182109442132523
Processing EndToEndId: E3822485720240730182109442132523
Processing EndToEndId: E3822485720240730182109442132523
Processing EndToEndId: E3822485720240730182109442132523
Processing EndToEndId: E3822485720240730182109442132523
Processing EndToEndId: E3822485720240730182109442132523
Processing EndToEndId: E3822485720240730182109442132523
Processing EndToEndId: E3822485720240730182109442132523
Processing EndToEndId: E3822485720240730182109442132523
Processing EndToEndId: E3822485720240730182109442132523
Processing EndToEndId: E3822485720240730182109442132523
Processing EndToEndId: E3822485720240730182109442132523
Processing EndToEndId: E3822485720240730182109442132523
Processing EndToEndId: E3822485720240730182109442132523
Processing EndToEndId: E3822485720240730182109442132523
Processing EndToEndId: E3822485720240730182109442132523
Processing EndToEndId: E3822485720240730182109442132523
Processing EndToEndId: E3822485720240730182109442132523
Processing EndToEndId: E3822485720240730182109442132523
Processing EndToEndId: E3822485720240730182109442132523
Processing EndToEndId: E3822485720240730182109442132523
Processing EndToEndId: E3822485720240730182109442132523
Processing EndToEndId: E3822485720240730182109442132523
Processing EndToEndId: E3822485720240730182109442132523
Processing EndToEndId: E3822485720240730182109442132523
Processing EndToEndId: E3822485720240730182109442132523
Processing EndToEndId: E3822485720240730182109442132523
Processing EndToEndId: E3822485720240730182109442132523
Processing EndToEndId: E3822485720240730182109442132523
Processing EndToEndId: E3822485720240730182109442132523
Processing EndToEndId: E3822485720240730182109442132523
Processing EndToEndId: E3822485720240730182109442132523
Processing EndToEndId: E3822485720240730182109442132523
Processing EndToEndId: E3822485720240730182109442132523
Processing EndToEndId: E3822485720240730182109442132523
Processing EndToEndId: E3822485720240730182109442132523
Processing EndToEndId: E3822485720240730182109442132523
Processing EndToEndId: E3822485720240730182109442132523
Processing EndToEndId: E3822485720240730182109442132523
Processing EndToEndId: E3822485720240730182109442132523
Processing EndToEndId: E3822485720240730182109442132523
Processing EndToEndId: E3822485720240730182109442132523
Processing EndToEndId: E3822485720240730182109442132523
Processing EndToEndId: E3822485720240730182109442132523
Processing EndToEndId: E3822485720240730182109442132523
Processing EndToEndId: E3822485720240730182109442132523
Processing EndToEndId: E3822485720240730182109442132523
Processing EndToEndId: E3822485720240730182109442132523
Processing EndToEndId: E3822485720240730182109442132523
Sending request message via EvolutionApiService
Request message sent successfully
Processing EndToEndId: E38224857202208241528023JFFaudi2
Processing EndToEndId: E38224857202208241528023JFFaudi2
Processing EndToEndId: E3822485720220824153842899092585
Processing EndToEndId: E38224857202208241528023JFFaudi2
Processing EndToEndId: D3822485720240603152024moermOVII
Processing EndToEndId: E3822485720240703142124049337129
Processing EndToEndId: E3822485720240729100259823150558
Processing EndToEndId: E3822485720240619125102366978512
Processing EndToEndId: oi
Processing EndToEndId: D3822485720240603152024moermOVII
Processing EndToEndId: E3822485720240729100259823150558
Processing EndToEndId: E3822485720240729100259823150558
Processing EndToEndId: Here is a summary of the transaction:
Status: PIX_EFFECTIVE 🟢
End to end ID: E3822485720240729100259823150558
Pix key related: 04238911202
Amount received: BRL 15
-----------------
Payer Name that sent the money: GOLDEN CAT PROCESSAMENTO DE PAGAMENTO LTDA
Payer Account that sent the money: 37079
Payer ISPB (Bank code): 38224857 - DELCRED SCD S.A.
-----------------
Payee Name that received the money: MARCOS PAULO OLIVEIRA SEIXAS
Payee Account that received the money: 10561512
Payee ISPB (Bank code): 90400888
-----------------

In other words, MARCOS PAULO OLIVEIRA SEIXAS, payee of account number: 10561512 (of the bank: 90400888) received BRL 15 from the GOLDEN CAT PROCESSAMENTO DE PAGAMENTO LTDA of the account number: 37079 (of the bank: 38224857 - DELCRED SCD S.A.) transaction at 2024-07-29T10:03:01.047Z.
Processing EndToEndId: resposta bem rápida e satisfatória
Processing EndToEndId: E10573521202407312337UnuqIGNgHic
Processing EndToEndId: E10573521202407312337UnuqIGNgHic
Processing EndToEndId: E10573521202407312337UnuqIGNgHic
Processing EndToEndId: E10573521202407312337UnuqIGNgHic
Processing EndToEndId: E10573521202407312337UnuqIGNgHic,E10573521202407312337UnuqIGNgHic,E10573521202407312337UnuqIGNgHic
Processing EndToEndId: Estou vazando
Processing EndToEndId: Kkkkkkk
Processing EndToEndId: E3822939q8e87w
Processing EndToEndId: E3822485720240801204438182149385
Processing EndToEndId: D18236120202407312313s178d24e635
Processing EndToEndId: Kkkkkk
Processing EndToEndId: D18236120202407312313s178d24e635
Processing EndToEndId: E3822485720240801204438182149385
Processing EndToEndId: E10573521202407312337UnuqIGNgHic
Processing EndToEndId: Eiiiskajabb19763993uqius65151899000hhw
Processing EndToEndId: E3822485720240728214246635041416
Processing EndToEndId: E3822485720240728214246635041416
Processing EndToEndId: E3822485720240728214246635041416
Processing EndToEndId: E3822485720240728214246635041416
Processing EndToEndId: E3822485720240728214246635041416
Processing EndToEndId: E3822485720240728214246635041416
Processing EndToEndId: mercado pago
Processing EndToEndId: a
Processing EndToEndId: foda
Processing EndToEndId: bot é foda
Processing EndToEndId: ksksksksksksk
Processing EndToEndId: blz
Processing EndToEndId: Not Found
Processing EndToEndId: Not Found
Processing EndToEndId: Not Found
Processing EndToEndId: E3822485720240728214246635041416
Processing EndToEndId: E38224857202407282142466350414
Processing EndToEndId: Oi
Processing EndToEndId: E9040088820240809143025534759245
Processing EndToEndId: E3822485720240810023101935456698
Processing EndToEndId: E3822485720240810023101935456698
Processing EndToEndId: ola
Processing EndToEndId: E3822485720240810023101935456698
Processing EndToEndId: E3822485720240810023101935456698
Processing EndToEndId: E3822485720240810023101935456698
Processing EndToEndId: oi
Processing EndToEndId: E3822485720240810023101935456698
Processing EndToEndId: E3822485720240810023101935456698
Processing EndToEndId: oi
Processing EndToEndId: olaaaaaa
Processing EndToEndId: ola
Processing EndToEndId: E3822485720240810023101935456698
Processing EndToEndId: E3822485720240810023101935456698
Processing EndToEndId: E3822485720240810023101935456698
Processing EndToEndId: Oi
Processing EndToEndId: E3822485720240810023101935456698
Processing EndToEndId: tesate
Processing EndToEndId: E3822485720240810023101935456698
Processing EndToEndId: E3822485720240817194740764313098
Processing EndToEndId: oi
Processing EndToEndId: E3822485720240810023101935456698
Processing EndToEndId: Oi
Processing EndToEndId: oi
Processing EndToEndId: oi
Processing EndToEndId: Oi
Processing EndToEndId: Oie
Processing EndToEndId: Aqqa
