Getting status for user: 5579998067599
Getting status for user: 5579998067599
Setting status for user: 5579998067599 to menu_sent
Getting status for user: 5579998067599
Getting status for user: 5579998067599
Checking if menu is expired for user: 5579998067599
Sending expiration message to user: 5579998067599
Expiration message sent successfully
Menu expired for user: 5579998067599 - Yes
Getting status for user: 5579998067599
Checking if menu is expired for user: 5579998067599
Sending expiration message to user: 5579998067599
Expiration message sent successfully
Menu expired for user: 5579998067599 - Yes
Setting status for user: 5579998067599 to menu_sent
Getting status for user: 5579998067599
Getting status for user: 5579998067599
Checking if menu is expired for user: 5579998067599
Sending expiration message to user: 5579998067599
Expiration message sent successfully
Menu expired for user: 5579998067599 - Yes
Getting status for user: 5579998067599
Checking if menu is expired for user: 5579998067599
Sending expiration message to user: 5579998067599
Expiration message sent successfully
Menu expired for user: 5579998067599 - Yes
Setting status for user: 5579998067599 to menu_sent
Getting status for user: 5579998067599
Getting status for user: 5579998067599
Checking if menu is expired for user: 5579998067599
Sending expiration message to user: 5579998067599
Expiration message sent successfully
Menu expired for user: 5579998067599 - Yes
Getting status for user: 5579998067599
Checking if menu is expired for user: 5579998067599
Sending expiration message to user: 5579998067599
Expiration message sent successfully
Menu expired for user: 5579998067599 - Yes
Setting status for user: 5579998067599 to menu_sent
Getting status for user: 5579998067599
Getting status for user: 5579998067599
Checking if menu is expired for user: 5579998067599
Menu expired for user: 5579998067599 - No
Clearing status for user: 5579998067599
Getting status for user: 5579998067599
Getting status for user: 5579998067599
Setting status for user: 5579998067599 to menu_sent
Getting status for user: 5579998067599
Getting status for user: 5579998067599
Checking if menu is expired for user: 5579998067599
Menu expired for user: 5579998067599 - No
Getting status for user: 5579998067599
Getting status for user: 5579998067599
Checking if menu is expired for user: 5579998067599
Sending expiration message to user: 5579998067599
Expiration message sent successfully
Menu expired for user: 5579998067599 - Yes
Getting status for user: 5579998067599
Checking if menu is expired for user: 5579998067599
Sending expiration message to user: 5579998067599
Expiration message sent successfully
Menu expired for user: 5579998067599 - Yes
Setting status for user: 5579998067599 to menu_sent
Getting status for user: 5579998067599
Getting status for user: 5579998067599
Checking if menu is expired for user: 5579998067599
Sending expiration message to user: 5579998067599
Expiration message sent successfully
Menu expired for user: 5579998067599 - Yes
Getting status for user: 5579998067599
Checking if menu is expired for user: 5579998067599
Sending expiration message to user: 5579998067599
Expiration message sent successfully
Menu expired for user: 5579998067599 - Yes
Setting status for user: 5579998067599 to menu_sent
Getting status for user: 5579998067599
Getting status for user: 5579998067599
Checking if menu is expired for user: 5579998067599
Menu expired for user: 5579998067599 - No
Getting status for user: 5579998067599
Getting status for user: 5579998067599
Checking if menu is expired for user: 5579998067599
Menu expired for user: 5579998067599 - No
Getting status for user: 5579998067599
Getting status for user: 5579998067599
Checking if menu is expired for user: 5579998067599
Sending expiration message to user: 5579998067599
Expiration message sent successfully
Menu expired for user: 5579998067599 - Yes
Getting status for user: 5579998067599
Checking if menu is expired for user: 5579998067599
Sending expiration message to user: 5579998067599
Expiration message sent successfully
Menu expired for user: 5579998067599 - Yes
Setting status for user: 5579998067599 to menu_sent
Getting status for user: 5579998067599
Getting status for user: 5579998067599
Checking if menu is expired for user: 5579998067599
Menu expired for user: 5579998067599 - No
Getting status for user: 5579998067599
Getting status for user: 5579998067599
Checking if menu is expired for user: 5579998067599
Menu expired for user: 5579998067599 - No
Getting status for user: 5579998067599
Getting status for user: 5579998067599
Checking if menu is expired for user: 5579998067599
Menu expired for user: 5579998067599 - No
Getting status for user: 5579998067599
Getting status for user: 5579998067599
Checking if menu is expired for user: 5579998067599
Menu expired for user: 5579998067599 - No
Clearing status for user: 5579998067599
Getting status for user: 5579998067599
Getting status for user: 5579998067599
Setting status for user: 5579998067599 to menu_sent
Getting status for user: 5579998067599
Getting status for user: 5579998067599
Checking if menu is expired for user: 5579998067599
Menu expired for user: 5579998067599 - No
Getting status for user: 5579998067599
Getting status for user: 5579998067599
Checking if menu is expired for user: 5579998067599
Menu expired for user: 5579998067599 - No
Getting status for user: 5579981340912
Getting status for user: 5579981340912
Setting status for user: 5579981340912 to menu_sent
Getting status for user: 5579981340912
Getting status for user: 5579981340912
Checking if menu is expired for user: 5579981340912
Menu expired for user: 5579981340912 - No
Getting status for user: 5579981340912
Getting status for user: 5579981340912
Checking if menu is expired for user: 5579981340912
Menu expired for user: 5579981340912 - No
Getting status for user: 5579981340912
Getting status for user: 5579981340912
Checking if menu is expired for user: 5579981340912
Menu expired for user: 5579981340912 - No
Getting status for user: 5579981340912
Getting status for user: 5579981340912
Checking if menu is expired for user: 5579981340912
Menu expired for user: 5579981340912 - No
Getting status for user: 5579981340912
Getting status for user: 5579981340912
Checking if menu is expired for user: 5579981340912
Menu expired for user: 5579981340912 - No
Clearing status for user: 5579981340912
Getting status for user: 5579998067599
Getting status for user: 5579998067599
Checking if menu is expired for user: 5579998067599
Menu expired for user: 5579998067599 - Yes
Getting status for user: 5579998067599
Checking if menu is expired for user: 5579998067599
Menu expired for user: 5579998067599 - Yes
Setting status for user: 5579998067599 to menu_sent
Getting status for user: 5579998067599
Getting status for user: 5579998067599
Checking if menu is expired for user: 5579998067599
Menu expired for user: 5579998067599 - No
Getting status for user: 5579998067599
Getting status for user: 5579998067599
Checking if menu is expired for user: 5579998067599
Menu expired for user: 5579998067599 - No
Getting status for user: 5579998067599
Getting status for user: 5579998067599
Checking if menu is expired for user: 5579998067599
Menu expired for user: 5579998067599 - No
Clearing status for user: 5579998067599
Getting status for user: 5579998067599
Getting status for user: 5579998067599
Setting status for user: 5579998067599 to menu_sent
Getting status for user: 5579998067599
Getting status for user: 5579998067599
Checking if menu is expired for user: 5579998067599
Menu expired for user: 5579998067599 - No
Getting status for user: 5579988798191
Getting status for user: 5579988798191
Setting status for user: 5579988798191 to menu_sent
Getting status for user: 5579988798191
Getting status for user: 5579988798191
Checking if menu is expired for user: 5579988798191
Menu expired for user: 5579988798191 - No
Clearing status for user: 5579988798191
Getting status for user: 5579988798191
Getting status for user: 5579988798191
Setting status for user: 5579988798191 to menu_sent
Getting status for user: 5579988798191
Getting status for user: 5579988798191
Checking if menu is expired for user: 5579988798191
Menu expired for user: 5579988798191 - No
Getting status for user: 5579988798191
Getting status for user: 5579988798191
Checking if menu is expired for user: 5579988798191
Menu expired for user: 5579988798191 - No
Getting status for user: 5579988798191
Getting status for user: 5579988798191
Checking if menu is expired for user: 5579988798191
Menu expired for user: 5579988798191 - No
Getting status for user: 5579998067599
Getting status for user: 5579998067599
Checking if menu is expired for user: 5579998067599
Menu expired for user: 5579998067599 - Yes
Getting status for user: 5579998067599
Checking if menu is expired for user: 5579998067599
Menu expired for user: 5579998067599 - Yes
Setting status for user: 5579998067599 to menu_sent
Getting status for user: 5579998067599
Getting status for user: 5579998067599
Checking if menu is expired for user: 5579998067599
Menu expired for user: 5579998067599 - No
Clearing status for user: 5579998067599
Getting status for user: 5579998067599
Getting status for user: 5579998067599
Setting status for user: 5579998067599 to menu_sent
Getting status for user: 5579998067599
Getting status for user: 5579998067599
Checking if menu is expired for user: 5579998067599
Menu expired for user: 5579998067599 - No
Clearing status for user: 5579998067599
Getting status for user: 5579996001888
Getting status for user: 5579996001888
Setting status for user: 5579996001888 to menu_sent
Getting status for user: 5579996001888
Getting status for user: 5579996001888
Checking if menu is expired for user: 5579996001888
Menu expired for user: 5579996001888 - No
Clearing status for user: 5579996001888
Getting status for user: 5579998067599
Getting status for user: 5579998067599
Setting status for user: 5579998067599 to menu_sent
Getting status for user: 5579998067599
Getting status for user: 5579998067599
Checking if menu is expired for user: 5579998067599
Menu expired for user: 5579998067599 - No
Getting status for user: 5579998067599
Getting status for user: 5579998067599
Checking if menu is expired for user: 5579998067599
Menu expired for user: 5579998067599 - No
Getting status for user: 5579998067599
Getting status for user: 5579998067599
Checking if menu is expired for user: 5579998067599
Menu expired for user: 5579998067599 - No
Getting status for user: 5579998067599
Getting status for user: 5579998067599
Checking if menu is expired for user: 5579998067599
Menu expired for user: 5579998067599 - Yes
Getting status for user: 5579998067599
Checking if menu is expired for user: 5579998067599
Menu expired for user: 5579998067599 - Yes
Setting status for user: 5579998067599 to menu_sent
Getting status for user: 5579998067599
Getting status for user: 5579998067599
Checking if menu is expired for user: 5579998067599
Menu expired for user: 5579998067599 - No
Getting status for user: 5579998067599
Getting status for user: 5579998067599
Checking if menu is expired for user: 5579998067599
Menu expired for user: 5579998067599 - Yes
Getting status for user: 5579998067599
Checking if menu is expired for user: 5579998067599
Menu expired for user: 5579998067599 - Yes
Setting status for user: 5579998067599 to menu_sent
Getting status for user: 5579998067599
Getting status for user: 5579998067599
Checking if menu is expired for user: 5579998067599
Menu expired for user: 5579998067599 - No
Getting status for user: 5579998067599
Getting status for user: 5579998067599
Checking if menu is expired for user: 5579998067599
Menu expired for user: 5579998067599 - No
Getting status for user: 5579998067599
Getting status for user: 5579998067599
Checking if menu is expired for user: 5579998067599
Menu expired for user: 5579998067599 - No
Getting status for user: 5579998067599
Getting status for user: 5579998067599
Checking if menu is expired for user: 5579998067599
Menu expired for user: 5579998067599 - Yes
Getting status for user: 5579998067599
Checking if menu is expired for user: 5579998067599
Menu expired for user: 5579998067599 - Yes
Setting status for user: 5579998067599 to menu_sent
Getting status for user: 5579998067599
Getting status for user: 5579998067599
Checking if menu is expired for user: 5579998067599
Menu expired for user: 5579998067599 - No
Getting status for user: 5579998067599
Getting status for user: 5579998067599
Checking if menu is expired for user: 5579998067599
Menu expired for user: 5579998067599 - No
Getting status for user: 5579998067599
Getting status for user: 5579998067599
Checking if menu is expired for user: 5579998067599
Menu expired for user: 5579998067599 - No
Getting status for user: 5579998067599
Getting status for user: 5579998067599
Checking if menu is expired for user: 5579998067599
Menu expired for user: 5579998067599 - No
Getting status for user: 5579998067599
Getting status for user: 5579998067599
Checking if menu is expired for user: 5579998067599
Menu expired for user: 5579998067599 - No
Getting status for user: 5579998067599
Getting status for user: 5579998067599
Checking if menu is expired for user: 5579998067599
Menu expired for user: 5579998067599 - No
Getting status for user: 5579998067599
Getting status for user: 5579998067599
Checking if menu is expired for user: 5579998067599
Menu expired for user: 5579998067599 - No
Getting status for user: 5579998067599
Getting status for user: 5579998067599
Checking if menu is expired for user: 5579998067599
Menu expired for user: 5579998067599 - Yes
Getting status for user: 5579998067599
Checking if menu is expired for user: 5579998067599
Menu expired for user: 5579998067599 - Yes
Setting status for user: 5579998067599 to menu_sent
Getting status for user: 5579998067599
Getting status for user: 5579998067599
Checking if menu is expired for user: 5579998067599
Menu expired for user: 5579998067599 - No
Clearing status for user: 5579998067599
Getting status for user: 5579996654255
Getting status for user: 5579996654255
Setting status for user: 5579996654255 to menu_sent
Getting status for user: 5579996654255
Getting status for user: 5579996654255
Checking if menu is expired for user: 5579996654255
Menu expired for user: 5579996654255 - No
Getting status for user: 5579996654255
Getting status for user: 5579996654255
Checking if menu is expired for user: 5579996654255
Menu expired for user: 5579996654255 - No
Clearing status for user: 5579996654255
Getting status for user: 5579996654255
Getting status for user: 5579996654255
Setting status for user: 5579996654255 to menu_sent
Getting status for user: 5579996654255
Getting status for user: 5579996654255
Checking if menu is expired for user: 5579996654255
Menu expired for user: 5579996654255 - No
Getting status for user: 5579996654255
Getting status for user: 5579996654255
Checking if menu is expired for user: 5579996654255
Menu expired for user: 5579996654255 - No
Getting status for user: 5579996654255
Getting status for user: 5579996654255
Checking if menu is expired for user: 5579996654255
Menu expired for user: 5579996654255 - No
Getting status for user: 5579998067599
Getting status for user: 5579998067599
Setting status for user: 5579998067599 to menu_sent
Getting status for user: 5579998067599
Getting status for user: 5579998067599
Checking if menu is expired for user: 5579998067599
Menu expired for user: 5579998067599 - No
Getting status for user: 5579998067599
Setting status for user: 5579998067599 to awaiting_endtoend
Getting status for user: 5579998067599
Getting status for user: 5579998067599
Getting status for user: 5579998067599
Setting status for user: 5579998067599 to menu_sent
Getting status for user: 5579998067599
Getting status for user: 5579998067599
Checking if menu is expired for user: 5579998067599
Menu expired for user: 5579998067599 - No
Getting status for user: 5579998067599
Setting status for user: 5579998067599 to awaiting_endtoend
Getting status for user: 5579998067599
Getting status for user: 5579998067599
Getting status for user: 5579998067599
Setting status for user: 5579998067599 to menu_sent
Getting status for user: 5579998067599
Getting status for user: 5579998067599
Checking if menu is expired for user: 5579998067599
Menu expired for user: 5579998067599 - Yes
Getting status for user: 5579998067599
Checking if menu is expired for user: 5579998067599
Menu expired for user: 5579998067599 - Yes
Setting status for user: 5579998067599 to menu_sent
Getting status for user: 5579998067599
Getting status for user: 5579998067599
Checking if menu is expired for user: 5579998067599
Menu expired for user: 5579998067599 - No
Getting status for user: 5579998067599
Setting status for user: 5579998067599 to awaiting_endtoend
Getting status for user: 5579998067599
Getting status for user: 5579998067599
Getting status for user: 5579998067599
Setting status for user: 5579998067599 to menu_sent
Getting status for user: 5579998067599
Getting status for user: 5579998067599
Checking if menu is expired for user: 5579998067599
Menu expired for user: 5579998067599 - Yes
Getting status for user: 5579998067599
Checking if menu is expired for user: 5579998067599
Menu expired for user: 5579998067599 - Yes
Setting status for user: 5579998067599 to menu_sent
Getting status for user: 5579998067599
Getting status for user: 5579998067599
Checking if menu is expired for user: 5579998067599
Menu expired for user: 5579998067599 - No
Getting status for user: 5579998067599
Setting status for user: 5579998067599 to awaiting_endtoend
Getting status for user: 5579998067599
Getting status for user: 5579998067599
Getting status for user: 5579998067599
Setting status for user: 5579998067599 to menu_sent
Getting status for user: 5579998067599
Getting status for user: 5579998067599
Checking if menu is expired for user: 5579998067599
Menu expired for user: 5579998067599 - Yes
Getting status for user: 5579998067599
Checking if menu is expired for user: 5579998067599
Menu expired for user: 5579998067599 - Yes
Setting status for user: 5579998067599 to menu_sent
Getting status for user: 5579998067599
Getting status for user: 5579998067599
Checking if menu is expired for user: 5579998067599
Menu expired for user: 5579998067599 - No
Getting status for user: 5579998067599
Getting status for user: 5579998067599
Checking if menu is expired for user: 5579998067599
Menu expired for user: 5579998067599 - No
Getting status for user: 5579998067599
Getting status for user: 5579998067599
Checking if menu is expired for user: 5579998067599
Menu expired for user: 5579998067599 - No
Getting status for user: 5579998067599
Getting status for user: 5579998067599
Checking if menu is expired for user: 5579998067599
Menu expired for user: 5579998067599 - No
Getting status for user: 5579998067599
Getting status for user: 5579998067599
Checking if menu is expired for user: 5579998067599
Menu expired for user: 5579998067599 - No
Clearing status for user: 5579998067599
Getting status for user: 5579998067599
Getting status for user: 5579998067599
Setting status for user: 5579998067599 to menu_sent
Getting status for user: 5579998067599
Getting status for user: 5579998067599
Checking if menu is expired for user: 5579998067599
Menu expired for user: 5579998067599 - No
Getting status for user: 5579998067599
Getting status for user: 5579998067599
Checking if menu is expired for user: 5579998067599
Menu expired for user: 5579998067599 - No
Getting status for user: 5579998067599
Getting status for user: 5579998067599
Checking if menu is expired for user: 5579998067599
Menu expired for user: 5579998067599 - No
Getting status for user: 5579998067599
Getting status for user: 5579998067599
Checking if menu is expired for user: 5579998067599
Menu expired for user: 5579998067599 - No
Clearing status for user: 5579998067599
Getting status for user: 5579998067599
Getting status for user: 5579998067599
Setting status for user: 5579998067599 to menu_sent
Getting status for user: 5579998067599
Getting status for user: 5579998067599
Checking if menu is expired for user: 5579998067599
Menu expired for user: 5579998067599 - No
Getting status for user: 5579998067599
Getting status for user: 5579998067599
Checking if menu is expired for user: 5579998067599
Menu expired for user: 5579998067599 - No
Clearing status for user: E3822485720240729100259823150558
Getting status for user: 5579998067599
Getting status for user: 5579998067599
Checking if menu is expired for user: 5579998067599
Menu expired for user: 5579998067599 - No
Getting status for user: 5579998067599
Getting status for user: 5579998067599
Checking if menu is expired for user: 5579998067599
Menu expired for user: 5579998067599 - No
Getting status for user: 5579998067599
Getting status for user: 5579998067599
Checking if menu is expired for user: 5579998067599
Menu expired for user: 5579998067599 - No
Clearing status for user: E3822485720240729100259823150558
Getting status for user: 5579998067599
Getting status for user: 5579998067599
Checking if menu is expired for user: 5579998067599
Menu expired for user: 5579998067599 - No
Getting status for user: 5579998067599
Getting status for user: 5579998067599
Checking if menu is expired for user: 5579998067599
Menu expired for user: 5579998067599 - No
Clearing status for user: D3822485720240603152024moermOVII
Getting status for user: 5579998067599
Getting status for user: 5579998067599
Checking if menu is expired for user: 5579998067599
Menu expired for user: 5579998067599 - Yes
Getting status for user: 5579998067599
Checking if menu is expired for user: 5579998067599
Menu expired for user: 5579998067599 - Yes
Setting status for user: 5579998067599 to menu_sent
Getting status for user: 5579998067599
Getting status for user: 5579998067599
Checking if menu is expired for user: 5579998067599
Menu expired for user: 5579998067599 - No
Getting status for user: 5579998067599
Getting status for user: 5579998067599
Checking if menu is expired for user: 5579998067599
Menu expired for user: 5579998067599 - No
Clearing status for user: E3822485720240729100259823150558
Getting status for user: 5579998067599
Getting status for user: 5579998067599
Checking if menu is expired for user: 5579998067599
Menu expired for user: 5579998067599 - No
Getting status for user: 5579998067599
Getting status for user: 5579998067599
Checking if menu is expired for user: 5579998067599
Menu expired for user: 5579998067599 - No
Getting status for user: 5579998067599
Getting status for user: 5579998067599
Checking if menu is expired for user: 5579998067599
Menu expired for user: 5579998067599 - No
Clearing status for user: D3822485720240603152024moermOVII
Getting status for user: 5579998067599
Getting status for user: 5579998067599
Checking if menu is expired for user: 5579998067599
Menu expired for user: 5579998067599 - No
Clearing status for user: 5579998067599
Getting status for user: 5579998067599
Getting status for user: 5579998067599
Setting status for user: 5579998067599 to menu_sent
Getting status for user: 5579998067599
Getting status for user: 5579998067599
Checking if menu is expired for user: 5579998067599
Menu expired for user: 5579998067599 - No
Getting status for user: 5579998067599
Getting status for user: 5579998067599
Checking if menu is expired for user: 5579998067599
Menu expired for user: 5579998067599 - No
Getting status for user: 5579998067599
Getting status for user: 5579998067599
Checking if menu is expired for user: 5579998067599
Menu expired for user: 5579998067599 - No
Getting status for user: 5579998067599
Getting status for user: 5579998067599
Checking if menu is expired for user: 5579998067599
Menu expired for user: 5579998067599 - No
Getting status for user: 5579998067599
Getting status for user: 5579998067599
Checking if menu is expired for user: 5579998067599
Menu expired for user: 5579998067599 - No
Clearing status for user: D3822485720240603152024moermOVII
Getting status for user: 5579998067599
Getting status for user: 5579998067599
Checking if menu is expired for user: 5579998067599
Menu expired for user: 5579998067599 - No
Getting status for user: 5579998067599
Getting status for user: 5579998067599
Checking if menu is expired for user: 5579998067599
Menu expired for user: 5579998067599 - No
Clearing status for user: D3822485720240603152024moermOVII
Getting status for user: 5579998067599
Getting status for user: 5579998067599
Checking if menu is expired for user: 5579998067599
Menu expired for user: 5579998067599 - No
Clearing status for user: D3822485720240603152024moermOVII
Getting status for user: 5579998067599
Getting status for user: 5579998067599
Checking if menu is expired for user: 5579998067599
Menu expired for user: 5579998067599 - No
Getting status for user: 5579998067599
Getting status for user: 5579998067599
Checking if menu is expired for user: 5579998067599
Menu expired for user: 5579998067599 - No
Clearing status for user: D3822485720240603152024moermOVII
Getting status for user: 5579998067599
Getting status for user: 5579998067599
Checking if menu is expired for user: 5579998067599
Menu expired for user: 5579998067599 - No
Clearing status for user: D3822485720240603152024moermOVII
Getting status for user: 5579998067599
Getting status for user: 5579998067599
Checking if menu is expired for user: 5579998067599
Menu expired for user: 5579998067599 - No
Clearing status for user: D3822485720240603152024moermOVII
Getting status for user: 5579998067599
Getting status for user: 5579998067599
Checking if menu is expired for user: 5579998067599
Menu expired for user: 5579998067599 - No
Clearing status for user: D3822485720240603152024moermOVII
Getting status for user: 5579998067599
Getting status for user: 5579998067599
Checking if menu is expired for user: 5579998067599
Menu expired for user: 5579998067599 - No
Clearing status for user: D3822485720240603152024moermOVII
Getting status for user: 5579998067599
Getting status for user: 5579998067599
Checking if menu is expired for user: 5579998067599
Menu expired for user: 5579998067599 - No
Clearing status for user: D3822485720240603152024moermOVII
Getting status for user: 5579998067599
Getting status for user: 5579998067599
Checking if menu is expired for user: 5579998067599
Menu expired for user: 5579998067599 - No
Clearing status for user: D3822485720240603152024moermOVII
Getting status for user: 5579998067599
Getting status for user: 5579998067599
Checking if menu is expired for user: 5579998067599
Menu expired for user: 5579998067599 - No
Clearing status for user: D3822485720240603152024moermOVII
Getting status for user: 5579996598643
Getting status for user: 5579996598643
Setting status for user: 5579996598643 to menu_sent
Getting status for user: 5579999433480
Getting status for user: 5579999433480
Setting status for user: 5579999433480 to menu_sent
Getting status for user: 5579999433480
Getting status for user: 5579999433480
Checking if menu is expired for user: 5579999433480
Menu expired for user: 5579999433480 - No
Getting status for user: 5579988692679
Getting status for user: 5579988692679
Setting status for user: 5579988692679 to menu_sent
Getting status for user: 5579999433480
Getting status for user: 5579999433480
Checking if menu is expired for user: 5579999433480
Menu expired for user: 5579999433480 - No
Getting status for user: 5579999433480
Getting status for user: 5579999433480
Checking if menu is expired for user: 5579999433480
Menu expired for user: 5579999433480 - No
Getting status for user: 5579999433480
Getting status for user: 5579999433480
Checking if menu is expired for user: 5579999433480
Menu expired for user: 5579999433480 - No
Getting status for user: 5579999433480
Getting status for user: 5579999433480
Checking if menu is expired for user: 5579999433480
Menu expired for user: 5579999433480 - No
Getting status for user: 5579988692679
Getting status for user: 5579988692679
Checking if menu is expired for user: 5579988692679
Menu expired for user: 5579988692679 - No
Getting status for user: 5579999433480
Getting status for user: 5579999433480
Checking if menu is expired for user: 5579999433480
Menu expired for user: 5579999433480 - No
Getting status for user: 5579999433480
Getting status for user: 5579999433480
Checking if menu is expired for user: 5579999433480
Menu expired for user: 5579999433480 - No
Getting status for user: 5579999433480
Getting status for user: 5579999433480
Checking if menu is expired for user: 5579999433480
Menu expired for user: 5579999433480 - No
Getting status for user: 5579988692679
Getting status for user: 5579988692679
Checking if menu is expired for user: 5579988692679
Menu expired for user: 5579988692679 - No
Clearing status for user: E3822485720240730182109442132523
Getting status for user: 5579999433480
Getting status for user: 5579999433480
Checking if menu is expired for user: 5579999433480
Menu expired for user: 5579999433480 - No
Clearing status for user: E3822485720240730182109442132523
Getting status for user: 5579996598643
Getting status for user: 5579996598643
Checking if menu is expired for user: 5579996598643
Menu expired for user: 5579996598643 - No
Getting status for user: 5579996598643
Getting status for user: 5579996598643
Checking if menu is expired for user: 5579996598643
Menu expired for user: 5579996598643 - No
Clearing status for user: E38224857202407240401024qcMXTnxT
Getting status for user: 5579999433480
Getting status for user: 5579999433480
Checking if menu is expired for user: 5579999433480
Menu expired for user: 5579999433480 - No
Getting status for user: 5579999433480
Getting status for user: 5579999433480
Checking if menu is expired for user: 5579999433480
Menu expired for user: 5579999433480 - No
Clearing status for user: E3822485720240206161037156971661
Getting status for user: 5579996598643
Getting status for user: 5579996598643
Checking if menu is expired for user: 5579996598643
Menu expired for user: 5579996598643 - Yes
Getting status for user: 5579996598643
Checking if menu is expired for user: 5579996598643
Menu expired for user: 5579996598643 - Yes
Setting status for user: 5579996598643 to menu_sent
Getting status for user: 5579999433480
Getting status for user: 5579999433480
Checking if menu is expired for user: 5579999433480
Menu expired for user: 5579999433480 - No
Clearing status for user: E3822485720240723045439037029420
Getting status for user: 5579996598643
Getting status for user: 5579996598643
Checking if menu is expired for user: 5579996598643
Menu expired for user: 5579996598643 - No
Clearing status for user: E3822485720240206161037156971661
Getting status for user: 5579996598643
Getting status for user: 5579996598643
Checking if menu is expired for user: 5579996598643
Menu expired for user: 5579996598643 - No
Clearing status for user: E3822485720240723045439037029420
Getting status for user: 5579996598643
Getting status for user: 5579996598643
Checking if menu is expired for user: 5579996598643
Menu expired for user: 5579996598643 - No
Clearing status for user: E38224857202407240401024qcMXTnxT
Getting status for user: 5579996598643
Getting status for user: 5579996598643
Checking if menu is expired for user: 5579996598643
Menu expired for user: 5579996598643 - No
Clearing status for user: E3822485720240723045439037029420
Getting status for user: 5579996598643
Getting status for user: 5579996598643
Checking if menu is expired for user: 5579996598643
Menu expired for user: 5579996598643 - No
Clearing status for user: E3822485720240723045439037029420
Getting status for user: 5579996598643
Getting status for user: 5579996598643
Checking if menu is expired for user: 5579996598643
Menu expired for user: 5579996598643 - No
Clearing status for user: E3822485720240723045439037029420
Getting status for user: 5579996598643
Getting status for user: 5579996598643
Checking if menu is expired for user: 5579996598643
Menu expired for user: 5579996598643 - No
Clearing status for user: E3822485720240723045439037029420
Getting status for user: 5579996598643
Getting status for user: 5579996598643
Checking if menu is expired for user: 5579996598643
Menu expired for user: 5579996598643 - No
Clearing status for user: E3822485720240723045439037029420
Getting status for user: 5579996598643
Getting status for user: 5579996598643
Checking if menu is expired for user: 5579996598643
Menu expired for user: 5579996598643 - No
Clearing status for user: E3822485720240723045439037029420
Getting status for user: 5579999131391
Getting status for user: 5579999131391
Setting status for user: 5579999131391 to menu_sent
Getting status for user: 5579996598643
Getting status for user: 5579996598643
Checking if menu is expired for user: 5579996598643
Menu expired for user: 5579996598643 - No
Clearing status for user: E3822485720240723045439037029420
Getting status for user: 5579996598643
Getting status for user: 5579996598643
Checking if menu is expired for user: 5579996598643
Menu expired for user: 5579996598643 - No
Clearing status for user: E3822485720240723045439037029420
Getting status for user: 5579999131391
Getting status for user: 5579999131391
Checking if menu is expired for user: 5579999131391
Menu expired for user: 5579999131391 - No
Clearing status for user: E3822485720240730182109442132523
Getting status for user: 5579999131391
Getting status for user: 5579999131391
Checking if menu is expired for user: 5579999131391
Menu expired for user: 5579999131391 - No
Clearing status for user: E3822485720240730182109442132523
Getting status for user: 5579996598643
Getting status for user: 5579996598643
Checking if menu is expired for user: 5579996598643
Menu expired for user: 5579996598643 - No
Clearing status for user: E3822485720240723045439037029420
Getting status for user: 5579999131391
Getting status for user: 5579999131391
Checking if menu is expired for user: 5579999131391
Menu expired for user: 5579999131391 - No
Getting status for user: 5579999131391
Getting status for user: 5579999131391
Checking if menu is expired for user: 5579999131391
Menu expired for user: 5579999131391 - No
Clearing status for user: E3822485720240730182109442132523
Getting status for user: 5579996598643
Getting status for user: 5579996598643
Checking if menu is expired for user: 5579996598643
Menu expired for user: 5579996598643 - No
Clearing status for user: E38224857202407240401024qcMXTnxT
Getting status for user: 5579996598643
Getting status for user: 5579996598643
Checking if menu is expired for user: 5579996598643
Menu expired for user: 5579996598643 - No
Clearing status for user: E3822485720240723045439037029420
Getting status for user: 5579999433480
Getting status for user: 5579999433480
Checking if menu is expired for user: 5579999433480
Menu expired for user: 5579999433480 - Yes
Getting status for user: 5579999433480
Checking if menu is expired for user: 5579999433480
Menu expired for user: 5579999433480 - Yes
Setting status for user: 5579999433480 to menu_sent
Getting status for user: 5579999433480
Getting status for user: 5579999433480
Checking if menu is expired for user: 5579999433480
Menu expired for user: 5579999433480 - No
Clearing status for user: D0000000020231005214011619463129
Getting status for user: 5579999131391
Getting status for user: 5579999131391
Checking if menu is expired for user: 5579999131391
Menu expired for user: 5579999131391 - No
Getting status for user: 5579999433480
Getting status for user: 5579999433480
Checking if menu is expired for user: 5579999433480
Menu expired for user: 5579999433480 - No
Clearing status for user: D0000000020231010205015663750146
Getting status for user: 5579999433480
Getting status for user: 5579999433480
Checking if menu is expired for user: 5579999433480
Menu expired for user: 5579999433480 - No
Clearing status for user: E60701190202208231415DY5OB9ZN7PY
Getting status for user: 5579999433480
Getting status for user: 5579999433480
Checking if menu is expired for user: 5579999433480
Menu expired for user: 5579999433480 - No
Clearing status for user: E60701190202208311927DY58APK7DI2
Getting status for user: 5579996598643
Getting status for user: 5579996598643
Checking if menu is expired for user: 5579996598643
Menu expired for user: 5579996598643 - No
Clearing status for user: E3822485720240723045439037029420
Getting status for user: 5579999433480
Getting status for user: 5579999433480
Checking if menu is expired for user: 5579999433480
Menu expired for user: 5579999433480 - No
Clearing status for user: E60701190202209011528DY5Z9VKCGOH
Getting status for user: 5579999433480
Getting status for user: 5579999433480
Checking if menu is expired for user: 5579999433480
Menu expired for user: 5579999433480 - No
Clearing status for user: E60701190202209051748DY5GCINC1KN
Getting status for user: 5579999433480
Getting status for user: 5579999433480
Checking if menu is expired for user: 5579999433480
Menu expired for user: 5579999433480 - No
Clearing status for user: E60701190202209292334DY5RUKXDKDS
Getting status for user: 5579996598643
Getting status for user: 5579996598643
Checking if menu is expired for user: 5579996598643
Menu expired for user: 5579996598643 - No
Clearing status for user: E38224857202407240401024qcMXTnxT
Getting status for user: 5579999433480
Getting status for user: 5579999433480
Checking if menu is expired for user: 5579999433480
Menu expired for user: 5579999433480 - No
Clearing status for user: E6070119020221010145572790493644
Getting status for user: 5579996598643
Getting status for user: 5579996598643
Checking if menu is expired for user: 5579996598643
Menu expired for user: 5579996598643 - No
Clearing status for user: E38224857202407240401024qcMXTnxT
Getting status for user: 5579996598643
Getting status for user: 5579996598643
Checking if menu is expired for user: 5579996598643
Menu expired for user: 5579996598643 - No
Clearing status for user: E38224857202407240401024qcMXTnxT
Getting status for user: 5579999433480
Getting status for user: 5579999433480
Checking if menu is expired for user: 5579999433480
Menu expired for user: 5579999433480 - No
Clearing status for user: E60701190202210181655DY5NLH1PCPD
Getting status for user: 5579999433480
Getting status for user: 5579999433480
Checking if menu is expired for user: 5579999433480
Menu expired for user: 5579999433480 - No
Clearing status for user: E60701190202210182253DY5BM645JTP
Getting status for user: 5579996598643
Getting status for user: 5579996598643
Checking if menu is expired for user: 5579996598643
Menu expired for user: 5579996598643 - No
Clearing status for user: E38224857202407240401024qcMXTnxT
Getting status for user: 5579999433480
Getting status for user: 5579999433480
Checking if menu is expired for user: 5579999433480
Menu expired for user: 5579999433480 - No
Clearing status for user: E60701190202210211820DY503CDHV3R
Getting status for user: 5579996598643
Getting status for user: 5579996598643
Checking if menu is expired for user: 5579996598643
Menu expired for user: 5579996598643 - No
Clearing status for user: E38224857202407240401024qcMXTnxT
Getting status for user: 5579999433480
Getting status for user: 5579999433480
Checking if menu is expired for user: 5579999433480
Menu expired for user: 5579999433480 - No
Clearing status for user: E60701190202210211939DY5HPHAYQAM
Getting status for user: 5579996598643
Getting status for user: 5579996598643
Checking if menu is expired for user: 5579996598643
Menu expired for user: 5579996598643 - No
Clearing status for user: E38224857202407240401024qcMXTnxT
Getting status for user: 5579999433480
Getting status for user: 5579999433480
Checking if menu is expired for user: 5579999433480
Menu expired for user: 5579999433480 - No
Clearing status for user: E60701190202210211959DY5M3EQJ1KX
Getting status for user: 5579996598643
Getting status for user: 5579996598643
Checking if menu is expired for user: 5579996598643
Menu expired for user: 5579996598643 - No
Clearing status for user: E38224857202407240401024qcMXTnxT
Getting status for user: 5579999433480
Getting status for user: 5579999433480
Checking if menu is expired for user: 5579999433480
Menu expired for user: 5579999433480 - No
Clearing status for user: E60701190202210221430DY5SNHVA9KB
Getting status for user: 5579991140958
Getting status for user: 5579991140958
Setting status for user: 5579991140958 to menu_sent
Getting status for user: 5579991140958
Getting status for user: 5579991140958
Checking if menu is expired for user: 5579991140958
Menu expired for user: 5579991140958 - No
Getting status for user: 5579991140958
Getting status for user: 5579991140958
Checking if menu is expired for user: 5579991140958
Menu expired for user: 5579991140958 - No
Getting status for user: 5579991140958
Getting status for user: 5579991140958
Checking if menu is expired for user: 5579991140958
Menu expired for user: 5579991140958 - No
Getting status for user: 5579991140958
Getting status for user: 5579991140958
Checking if menu is expired for user: 5579991140958
Menu expired for user: 5579991140958 - No
Getting status for user: 5579991140958
Getting status for user: 5579991140958
Checking if menu is expired for user: 5579991140958
Menu expired for user: 5579991140958 - No
Getting status for user: 5579991140958
Getting status for user: 5579991140958
Checking if menu is expired for user: 5579991140958
Menu expired for user: 5579991140958 - No
Getting status for user: 5579991140958
Getting status for user: 5579991140958
Checking if menu is expired for user: 5579991140958
Menu expired for user: 5579991140958 - No
Getting status for user: 5579991140958
Getting status for user: 5579991140958
Checking if menu is expired for user: 5579991140958
Menu expired for user: 5579991140958 - No
Getting status for user: 5579999433480
Getting status for user: 5579999433480
Checking if menu is expired for user: 5579999433480
Menu expired for user: 5579999433480 - No
Clearing status for user: E3822485720220824220921382053516
Getting status for user: 5579991140958
Getting status for user: 5579991140958
Checking if menu is expired for user: 5579991140958
Menu expired for user: 5579991140958 - No
Getting status for user: 5579991140958
Getting status for user: 5579991140958
Checking if menu is expired for user: 5579991140958
Menu expired for user: 5579991140958 - No
Getting status for user: 5579991140958
Getting status for user: 5579991140958
Checking if menu is expired for user: 5579991140958
Menu expired for user: 5579991140958 - No
Getting status for user: 5579991140958
Getting status for user: 5579991140958
Checking if menu is expired for user: 5579991140958
Menu expired for user: 5579991140958 - No
Getting status for user: 5579991140958
Getting status for user: 5579991140958
Checking if menu is expired for user: 5579991140958
Menu expired for user: 5579991140958 - No
Getting status for user: 5579991140958
Getting status for user: 5579991140958
Checking if menu is expired for user: 5579991140958
Menu expired for user: 5579991140958 - No
Getting status for user: 5579991140958
Getting status for user: 5579991140958
Checking if menu is expired for user: 5579991140958
Menu expired for user: 5579991140958 - No
Getting status for user: 5579991140958
Getting status for user: 5579991140958
Checking if menu is expired for user: 5579991140958
Menu expired for user: 5579991140958 - No
Getting status for user: 5579991140958
Getting status for user: 5579991140958
Checking if menu is expired for user: 5579991140958
Menu expired for user: 5579991140958 - No
Getting status for user: 5579991140958
Getting status for user: 5579991140958
Checking if menu is expired for user: 5579991140958
Menu expired for user: 5579991140958 - No
Getting status for user: 5579991140958
Getting status for user: 5579991140958
Checking if menu is expired for user: 5579991140958
Menu expired for user: 5579991140958 - No
Getting status for user: 5579991140958
Getting status for user: 5579991140958
Checking if menu is expired for user: 5579991140958
Menu expired for user: 5579991140958 - No
Getting status for user: 5579991140958
Getting status for user: 5579991140958
Checking if menu is expired for user: 5579991140958
Menu expired for user: 5579991140958 - No
Getting status for user: 5579991140958
Getting status for user: 5579991140958
Checking if menu is expired for user: 5579991140958
Menu expired for user: 5579991140958 - No
Getting status for user: 5579991140958
Getting status for user: 5579991140958
Checking if menu is expired for user: 5579991140958
Menu expired for user: 5579991140958 - No
Getting status for user: 5579991140958
Getting status for user: 5579991140958
Checking if menu is expired for user: 5579991140958
Menu expired for user: 5579991140958 - No
Getting status for user: 5579991140958
Getting status for user: 5579991140958
Checking if menu is expired for user: 5579991140958
Menu expired for user: 5579991140958 - No
Getting status for user: 5579991140958
Getting status for user: 5579991140958
Checking if menu is expired for user: 5579991140958
Menu expired for user: 5579991140958 - No
Getting status for user: 5579991140958
Getting status for user: 5579991140958
Checking if menu is expired for user: 5579991140958
Menu expired for user: 5579991140958 - No
Getting status for user: 5579991140958
Getting status for user: 5579991140958
Checking if menu is expired for user: 5579991140958
Menu expired for user: 5579991140958 - No
Getting status for user: 5579991140958
Getting status for user: 5579991140958
Checking if menu is expired for user: 5579991140958
Menu expired for user: 5579991140958 - No
Getting status for user: 5579991140958
Getting status for user: 5579991140958
Checking if menu is expired for user: 5579991140958
Menu expired for user: 5579991140958 - No
Getting status for user: 5579999433480
Getting status for user: 5579999433480
Checking if menu is expired for user: 5579999433480
Menu expired for user: 5579999433480 - No
Clearing status for user: E3822485720220824185715252412863
Getting status for user: 5579991140958
Getting status for user: 5579991140958
Checking if menu is expired for user: 5579991140958
Menu expired for user: 5579991140958 - No
Getting status for user: 5579991140958
Getting status for user: 5579991140958
Checking if menu is expired for user: 5579991140958
Menu expired for user: 5579991140958 - No
Getting status for user: 5579991140958
Getting status for user: 5579991140958
Checking if menu is expired for user: 5579991140958
Menu expired for user: 5579991140958 - No
Getting status for user: 5579991140958
Getting status for user: 5579991140958
Checking if menu is expired for user: 5579991140958
Menu expired for user: 5579991140958 - No
Getting status for user: 5579991140958
Getting status for user: 5579991140958
Checking if menu is expired for user: 5579991140958
Menu expired for user: 5579991140958 - No
Getting status for user: 5579991140958
Getting status for user: 5579991140958
Checking if menu is expired for user: 5579991140958
Menu expired for user: 5579991140958 - No
Getting status for user: 5579991140958
Getting status for user: 5579991140958
Checking if menu is expired for user: 5579991140958
Menu expired for user: 5579991140958 - No
Getting status for user: 5579991140958
Getting status for user: 5579991140958
Checking if menu is expired for user: 5579991140958
Menu expired for user: 5579991140958 - No
Getting status for user: 5579999433480
Getting status for user: 5579999433480
Checking if menu is expired for user: 5579999433480
Menu expired for user: 5579999433480 - No
Clearing status for user: E3822485720220824183159078798658
Getting status for user: 5579999433480
Getting status for user: 5579999433480
Checking if menu is expired for user: 5579999433480
Menu expired for user: 5579999433480 - No
Clearing status for user: E3822485720220824183159078798658
Getting status for user: 5579999433480
Getting status for user: 5579999433480
Checking if menu is expired for user: 5579999433480
Menu expired for user: 5579999433480 - No
Clearing status for user: E3822485720220824185715252412863
Getting status for user: 5579999433480
Getting status for user: 5579999433480
Checking if menu is expired for user: 5579999433480
Menu expired for user: 5579999433480 - No
Clearing status for user: E3822485720220827234442DUixfB5DP
Getting status for user: 5579999433480
Getting status for user: 5579999433480
Checking if menu is expired for user: 5579999433480
Menu expired for user: 5579999433480 - No
Clearing status for user: E3822485720220827234346Rr6n2awp2
Getting status for user: 5579999433480
Getting status for user: 5579999433480
Checking if menu is expired for user: 5579999433480
Menu expired for user: 5579999433480 - No
Clearing status for user: E3822485720220824154627FKk18UGtw
Getting status for user: 5579999433480
Getting status for user: 5579999433480
Checking if menu is expired for user: 5579999433480
Menu expired for user: 5579999433480 - No
Clearing status for user: E3822485720220824154627FKk18UGtw
Getting status for user: 5579999433480
Getting status for user: 5579999433480
Checking if menu is expired for user: 5579999433480
Menu expired for user: 5579999433480 - No
Clearing status for user: E38224857202208241528023JFFaudi5
Getting status for user: 5579999433480
Getting status for user: 5579999433480
Checking if menu is expired for user: 5579999433480
Menu expired for user: 5579999433480 - No
Clearing status for user: E3822485720220824151521244448619
Getting status for user: 5579999433480
Getting status for user: 5579999433480
Checking if menu is expired for user: 5579999433480
Menu expired for user: 5579999433480 - No
Clearing status for user: E38224857202208241528023JFFaudi5
Getting status for user: 5579999433480
Getting status for user: 5579999433480
Checking if menu is expired for user: 5579999433480
Menu expired for user: 5579999433480 - No
Clearing status for user: E3822485720220824151521244448619
Getting status for user: 5579999433480
Getting status for user: 5579999433480
Checking if menu is expired for user: 5579999433480
Menu expired for user: 5579999433480 - No
Clearing status for user: E3822485720220824151521244448619
Getting status for user: 5579999433480
Getting status for user: 5579999433480
Checking if menu is expired for user: 5579999433480
Menu expired for user: 5579999433480 - No
Clearing status for user: E38224857202208241528023JFFaudi5
Getting status for user: 5579999433480
Getting status for user: 5579999433480
Checking if menu is expired for user: 5579999433480
Menu expired for user: 5579999433480 - No
Clearing status for user: E3822485720220824154627FKk18UGtw
Getting status for user: 5579999433480
Getting status for user: 5579999433480
Checking if menu is expired for user: 5579999433480
Menu expired for user: 5579999433480 - No
Clearing status for user: E3822485720220824153842899092585
Getting status for user: 5579999433480
Getting status for user: 5579999433480
Checking if menu is expired for user: 5579999433480
Menu expired for user: 5579999433480 - No
Getting status for user: 5579999131391
Getting status for user: 5579999131391
Checking if menu is expired for user: 5579999131391
Menu expired for user: 5579999131391 - No
Getting status for user: 5579999131391
Getting status for user: 5579999131391
Checking if menu is expired for user: 5579999131391
Menu expired for user: 5579999131391 - No
Clearing status for user: E3822485720240730182109442132523
Getting status for user: 5579999131391
Getting status for user: 5579999131391
Checking if menu is expired for user: 5579999131391
Menu expired for user: 5579999131391 - No
Clearing status for user: E3822485720240730182109442132523
Getting status for user: 5579999131391
Getting status for user: 5579999131391
Checking if menu is expired for user: 5579999131391
Menu expired for user: 5579999131391 - No
Clearing status for user: E3822485720240730182109442132523
Getting status for user: 5579999131391
Getting status for user: 5579999131391
Checking if menu is expired for user: 5579999131391
Menu expired for user: 5579999131391 - No
Clearing status for user: E3822485720240730182109442132523
Getting status for user: 5579999131391
Getting status for user: 5579999131391
Checking if menu is expired for user: 5579999131391
Menu expired for user: 5579999131391 - No
Clearing status for user: E3822485720240730182109442132523
Getting status for user: 5579999131391
Getting status for user: 5579999131391
Checking if menu is expired for user: 5579999131391
Menu expired for user: 5579999131391 - No
Clearing status for user: E3822485720240730182109442132523
Getting status for user: 5579999131391
Getting status for user: 5579999131391
Checking if menu is expired for user: 5579999131391
Menu expired for user: 5579999131391 - No
Clearing status for user: E3822485720240730182109442132523
Getting status for user: 5579999131391
Getting status for user: 5579999131391
Checking if menu is expired for user: 5579999131391
Menu expired for user: 5579999131391 - No
Clearing status for user: E3822485720240730182109442132523
Getting status for user: 5579999131391
Getting status for user: 5579999131391
Checking if menu is expired for user: 5579999131391
Menu expired for user: 5579999131391 - No
Clearing status for user: E3822485720240730182109442132523
Getting status for user: 5579999131391
Getting status for user: 5579999131391
Checking if menu is expired for user: 5579999131391
Menu expired for user: 5579999131391 - No
Clearing status for user: E3822485720240730182109442132523
Getting status for user: 5579999131391
Getting status for user: 5579999131391
Checking if menu is expired for user: 5579999131391
Menu expired for user: 5579999131391 - No
Clearing status for user: E3822485720240730182109442132523
Getting status for user: 5579999131391
Getting status for user: 5579999131391
Checking if menu is expired for user: 5579999131391
Menu expired for user: 5579999131391 - No
Clearing status for user: E3822485720240730182109442132523
Getting status for user: 5579999131391
Getting status for user: 5579999131391
Checking if menu is expired for user: 5579999131391
Menu expired for user: 5579999131391 - No
Clearing status for user: E3822485720240730182109442132523
Getting status for user: 5579999131391
Getting status for user: 5579999131391
Checking if menu is expired for user: 5579999131391
Menu expired for user: 5579999131391 - No
Clearing status for user: E3822485720240730182109442132523
Getting status for user: 5579999131391
Getting status for user: 5579999131391
Checking if menu is expired for user: 5579999131391
Menu expired for user: 5579999131391 - No
Clearing status for user: E3822485720240730182109442132523
Getting status for user: 5579999131391
Getting status for user: 5579999131391
Checking if menu is expired for user: 5579999131391
Menu expired for user: 5579999131391 - No
Clearing status for user: E3822485720240730182109442132523
Getting status for user: 5579999131391
Getting status for user: 5579999131391
Checking if menu is expired for user: 5579999131391
Menu expired for user: 5579999131391 - No
Clearing status for user: E3822485720240730182109442132523
Getting status for user: 5579999131391
Getting status for user: 5579999131391
Checking if menu is expired for user: 5579999131391
Menu expired for user: 5579999131391 - No
Clearing status for user: E3822485720240730182109442132523
Getting status for user: 5579999131391
Getting status for user: 5579999131391
Checking if menu is expired for user: 5579999131391
Menu expired for user: 5579999131391 - No
Clearing status for user: E3822485720240730182109442132523
Getting status for user: 5579999131391
Getting status for user: 5579999131391
Checking if menu is expired for user: 5579999131391
Menu expired for user: 5579999131391 - No
Clearing status for user: E3822485720240730182109442132523
Getting status for user: 5579999131391
Getting status for user: 5579999131391
Checking if menu is expired for user: 5579999131391
Menu expired for user: 5579999131391 - No
Clearing status for user: E3822485720240730182109442132523
Getting status for user: 5579999131391
Getting status for user: 5579999131391
Checking if menu is expired for user: 5579999131391
Menu expired for user: 5579999131391 - No
Clearing status for user: E3822485720240730182109442132523
Getting status for user: 5579999131391
Getting status for user: 5579999131391
Checking if menu is expired for user: 5579999131391
Menu expired for user: 5579999131391 - No
Clearing status for user: E3822485720240730182109442132523
Getting status for user: 5579999131391
Getting status for user: 5579999131391
Checking if menu is expired for user: 5579999131391
Menu expired for user: 5579999131391 - No
Clearing status for user: E3822485720240730182109442132523
Getting status for user: 5579999131391
Getting status for user: 5579999131391
Checking if menu is expired for user: 5579999131391
Menu expired for user: 5579999131391 - No
Clearing status for user: E3822485720240730182109442132523
Getting status for user: 5579999131391
Getting status for user: 5579999131391
Checking if menu is expired for user: 5579999131391
Menu expired for user: 5579999131391 - No
Clearing status for user: E3822485720240730182109442132523
Getting status for user: 5579999131391
Getting status for user: 5579999131391
Checking if menu is expired for user: 5579999131391
Menu expired for user: 5579999131391 - No
Clearing status for user: E3822485720240730182109442132523
Getting status for user: 5579999131391
Getting status for user: 5579999131391
Checking if menu is expired for user: 5579999131391
Menu expired for user: 5579999131391 - No
Clearing status for user: E3822485720240730182109442132523
Getting status for user: 5579999131391
Getting status for user: 5579999131391
Checking if menu is expired for user: 5579999131391
Menu expired for user: 5579999131391 - No
Clearing status for user: E3822485720240730182109442132523
Getting status for user: 5579999131391
Getting status for user: 5579999131391
Checking if menu is expired for user: 5579999131391
Menu expired for user: 5579999131391 - No
Clearing status for user: E3822485720240730182109442132523
Getting status for user: 5579999131391
Getting status for user: 5579999131391
Checking if menu is expired for user: 5579999131391
Menu expired for user: 5579999131391 - No
Clearing status for user: E3822485720240730182109442132523
Getting status for user: 5579999131391
Getting status for user: 5579999131391
Checking if menu is expired for user: 5579999131391
Menu expired for user: 5579999131391 - No
Clearing status for user: E3822485720240730182109442132523
Getting status for user: 5579999131391
Getting status for user: 5579999131391
Checking if menu is expired for user: 5579999131391
Menu expired for user: 5579999131391 - No
Clearing status for user: E3822485720240730182109442132523
Getting status for user: 5579999131391
Getting status for user: 5579999131391
Checking if menu is expired for user: 5579999131391
Menu expired for user: 5579999131391 - No
Clearing status for user: E3822485720240730182109442132523
Getting status for user: 5579999131391
Getting status for user: 5579999131391
Checking if menu is expired for user: 5579999131391
Menu expired for user: 5579999131391 - No
Clearing status for user: E3822485720240730182109442132523
Getting status for user: 5579999131391
Getting status for user: 5579999131391
Checking if menu is expired for user: 5579999131391
Menu expired for user: 5579999131391 - No
Clearing status for user: E3822485720240730182109442132523
Getting status for user: 5579999131391
Getting status for user: 5579999131391
Checking if menu is expired for user: 5579999131391
Menu expired for user: 5579999131391 - No
Clearing status for user: E3822485720240730182109442132523
Getting status for user: 5579999131391
Getting status for user: 5579999131391
Checking if menu is expired for user: 5579999131391
Menu expired for user: 5579999131391 - No
Clearing status for user: E3822485720240730182109442132523
Getting status for user: 5579999131391
Getting status for user: 5579999131391
Checking if menu is expired for user: 5579999131391
Menu expired for user: 5579999131391 - No
Clearing status for user: E3822485720240730182109442132523
Getting status for user: 5579999131391
Getting status for user: 5579999131391
Checking if menu is expired for user: 5579999131391
Menu expired for user: 5579999131391 - No
Clearing status for user: E3822485720240730182109442132523
Getting status for user: 5579999131391
Getting status for user: 5579999131391
Checking if menu is expired for user: 5579999131391
Menu expired for user: 5579999131391 - No
Clearing status for user: E3822485720240730182109442132523
Getting status for user: 5579999131391
Getting status for user: 5579999131391
Checking if menu is expired for user: 5579999131391
Menu expired for user: 5579999131391 - No
Clearing status for user: E3822485720240730182109442132523
Getting status for user: 5579999131391
Getting status for user: 5579999131391
Checking if menu is expired for user: 5579999131391
Menu expired for user: 5579999131391 - No
Clearing status for user: E3822485720240730182109442132523
Getting status for user: 5579999131391
Getting status for user: 5579999131391
Checking if menu is expired for user: 5579999131391
Menu expired for user: 5579999131391 - No
Clearing status for user: E3822485720240730182109442132523
Getting status for user: 5579999131391
Getting status for user: 5579999131391
Checking if menu is expired for user: 5579999131391
Menu expired for user: 5579999131391 - No
Clearing status for user: E3822485720240730182109442132523
Getting status for user: 5579999131391
Getting status for user: 5579999131391
Checking if menu is expired for user: 5579999131391
Menu expired for user: 5579999131391 - No
Clearing status for user: E3822485720240730182109442132523
Getting status for user: 5579999131391
Getting status for user: 5579999131391
Checking if menu is expired for user: 5579999131391
Menu expired for user: 5579999131391 - No
Clearing status for user: E3822485720240730182109442132523
Getting status for user: 5579999131391
Getting status for user: 5579999131391
Checking if menu is expired for user: 5579999131391
Menu expired for user: 5579999131391 - No
Clearing status for user: E3822485720240730182109442132523
Getting status for user: 5579999131391
Getting status for user: 5579999131391
Checking if menu is expired for user: 5579999131391
Menu expired for user: 5579999131391 - No
Clearing status for user: E3822485720240730182109442132523
Getting status for user: 5579999131391
Getting status for user: 5579999131391
Checking if menu is expired for user: 5579999131391
Menu expired for user: 5579999131391 - No
Clearing status for user: E3822485720240730182109442132523
Getting status for user: 5579999131391
Getting status for user: 5579999131391
Checking if menu is expired for user: 5579999131391
Menu expired for user: 5579999131391 - No
Clearing status for user: E3822485720240730182109442132523
Getting status for user: 5579999131391
Getting status for user: 5579999131391
Checking if menu is expired for user: 5579999131391
Menu expired for user: 5579999131391 - No
Clearing status for user: E3822485720240730182109442132523
Getting status for user: 5579999131391
Getting status for user: 5579999131391
Checking if menu is expired for user: 5579999131391
Menu expired for user: 5579999131391 - No
Clearing status for user: E3822485720240730182109442132523
Getting status for user: 5579999131391
Getting status for user: 5579999131391
Checking if menu is expired for user: 5579999131391
Menu expired for user: 5579999131391 - No
Clearing status for user: E3822485720240730182109442132523
Getting status for user: 5579999131391
Getting status for user: 5579999131391
Checking if menu is expired for user: 5579999131391
Menu expired for user: 5579999131391 - No
Clearing status for user: E3822485720240730182109442132523
Getting status for user: 5579999131391
Getting status for user: 5579999131391
Checking if menu is expired for user: 5579999131391
Menu expired for user: 5579999131391 - No
Clearing status for user: E3822485720240730182109442132523
Getting status for user: 5579999131391
Getting status for user: 5579999131391
Checking if menu is expired for user: 5579999131391
Menu expired for user: 5579999131391 - No
Clearing status for user: E3822485720240730182109442132523
Getting status for user: 5579999131391
Getting status for user: 5579999131391
Checking if menu is expired for user: 5579999131391
Menu expired for user: 5579999131391 - No
Clearing status for user: E3822485720240730182109442132523
Getting status for user: 5579999131391
Getting status for user: 5579999131391
Checking if menu is expired for user: 5579999131391
Menu expired for user: 5579999131391 - No
Clearing status for user: E3822485720240730182109442132523
Getting status for user: 5579991140958
Getting status for user: 5579991140958
Checking if menu is expired for user: 5579991140958
Menu expired for user: 5579991140958 - No
Getting status for user: 5579999433480
Getting status for user: 5579999433480
Checking if menu is expired for user: 5579999433480
Menu expired for user: 5579999433480 - No
Getting status for user: 5579999433480
Getting status for user: 5579999433480
Checking if menu is expired for user: 5579999433480
Menu expired for user: 5579999433480 - No
Getting status for user: 5579999433480
Getting status for user: 5579999433480
Checking if menu is expired for user: 5579999433480
Menu expired for user: 5579999433480 - No
Getting status for user: 5579999433480
Getting status for user: 5579999433480
Checking if menu is expired for user: 5579999433480
Menu expired for user: 5579999433480 - No
Clearing status for user: E3822485720220824153842899092585
Getting status for user: 5579999433480
Getting status for user: 5579999433480
Checking if menu is expired for user: 5579999433480
Menu expired for user: 5579999433480 - No
Clearing status for user: D3822485720240603152024moermOVII
Clearing status for user: E3822485720240729100259823150558
Clearing status for user: D3822485720240603152024moermOVII
Clearing status for user: E3822485720240729100259823150558
Clearing status for user: E3822485720240729100259823150558
Clearing status for user: E10573521202407312337UnuqIGNgHic
Clearing status for user: E10573521202407312337UnuqIGNgHic
Clearing status for user: E10573521202407312337UnuqIGNgHic
Clearing status for user: E10573521202407312337UnuqIGNgHic
Clearing status for user: E3822485720240801204438182149385
Clearing status for user: D18236120202407312313s178d24e635
Clearing status for user: D18236120202407312313s178d24e635
Clearing status for user: E3822485720240801204438182149385
Clearing status for user: E10573521202407312337UnuqIGNgHic
Clearing status for user: E3822485720240728214246635041416
Clearing status for user: E3822485720240728214246635041416
Clearing status for user: E3822485720240728214246635041416
Clearing status for user: E3822485720240728214246635041416
Clearing status for user: E3822485720240728214246635041416
Clearing status for user: E3822485720240728214246635041416
Clearing status for user: E3822485720240728214246635041416
Clearing status for user: E9040088820240809143025534759245
Clearing status for user: E3822485720240810023101935456698
Clearing status for user: E3822485720240810023101935456698
Clearing status for user: E3822485720240810023101935456698
Clearing status for user: E3822485720240810023101935456698
Clearing status for user: E3822485720240810023101935456698
Clearing status for user: E3822485720240810023101935456698
Clearing status for user: E3822485720240810023101935456698
